Determining if the pthread_create exist failed with the following output:
Change Dir: /home/islamali/work_area/proj/proj_repo/ORBSLAM_RTABmap/work_area/pcl_tools/build/CMakeFiles/CMakeTmp

Run Build Command:"/usr/bin/make" "cmTC_0156e/fast"
/usr/bin/make -f CMakeFiles/cmTC_0156e.dir/build.make CMakeFiles/cmTC_0156e.dir/build
make[1]: Entering directory '/home/islamali/work_area/proj/proj_repo/ORBSLAM_RTABmap/work_area/pcl_tools/build/CMakeFiles/CMakeTmp'
Building C object CMakeFiles/cmTC_0156e.dir/CheckSymbolExists.c.o
/usr/bin/cc     -o CMakeFiles/cmTC_0156e.dir/CheckSymbolExists.c.o   -c /home/islamali/work_area/proj/proj_repo/ORBSLAM_RTABmap/work_area/pcl_tools/build/CMakeFiles/CMakeTmp/CheckSymbolExists.c
Linking C executable cmTC_0156e
/usr/bin/cmake -E cmake_link_script CMakeFiles/cmTC_0156e.dir/link.txt --verbose=1
/usr/bin/cc       CMakeFiles/cmTC_0156e.dir/CheckSymbolExists.c.o  -o cmTC_0156e -rdynamic 
CMakeFiles/cmTC_0156e.dir/CheckSymbolExists.c.o: In function `main':
CheckSymbolExists.c:(.text+0x16): undefined reference to `pthread_create'
collect2: error: ld returned 1 exit status
CMakeFiles/cmTC_0156e.dir/build.make:97: recipe for target 'cmTC_0156e' failed
make[1]: *** [cmTC_0156e] Error 1
make[1]: Leaving directory '/home/islamali/work_area/proj/proj_repo/ORBSLAM_RTABmap/work_area/pcl_tools/build/CMakeFiles/CMakeTmp'
Makefile:126: recipe for target 'cmTC_0156e/fast' failed
make: *** [cmTC_0156e/fast] Error 2

File /home/islamali/work_area/proj/proj_repo/ORBSLAM_RTABmap/work_area/pcl_tools/build/CMakeFiles/CMakeTmp/CheckSymbolExists.c:
/* */
#include <pthread.h>

int main(int argc, char** argv)
{
  (void)argv;
#ifndef pthread_create
  return ((int*)(&pthread_create))[argc];
#else
  (void)argc;
  return 0;
#endif
}

Determining if the function pthread_create exists in the pthreads failed with the following output:
Change Dir: /home/islamali/work_area/proj/proj_repo/ORBSLAM_RTABmap/work_area/pcl_tools/build/CMakeFiles/CMakeTmp

Run Build Command:"/usr/bin/make" "cmTC_fe2b8/fast"
/usr/bin/make -f CMakeFiles/cmTC_fe2b8.dir/build.make CMakeFiles/cmTC_fe2b8.dir/build
make[1]: Entering directory '/home/islamali/work_area/proj/proj_repo/ORBSLAM_RTABmap/work_area/pcl_tools/build/CMakeFiles/CMakeTmp'
Building C object CMakeFiles/cmTC_fe2b8.dir/CheckFunctionExists.c.o
/usr/bin/cc    -DCHECK_FUNCTION_EXISTS=pthread_create   -o CMakeFiles/cmTC_fe2b8.dir/CheckFunctionExists.c.o   -c /usr/share/cmake-3.5/Modules/CheckFunctionExists.c
Linking C executable cmTC_fe2b8
/usr/bin/cmake -E cmake_link_script CMakeFiles/cmTC_fe2b8.dir/link.txt --verbose=1
/usr/bin/cc   -DCHECK_FUNCTION_EXISTS=pthread_create    CMakeFiles/cmTC_fe2b8.dir/CheckFunctionExists.c.o  -o cmTC_fe2b8 -rdynamic -lpthreads 
/usr/bin/ld: cannot find -lpthreads
collect2: error: ld returned 1 exit status
CMakeFiles/cmTC_fe2b8.dir/build.make:97: recipe for target 'cmTC_fe2b8' failed
make[1]: *** [cmTC_fe2b8] Error 1
make[1]: Leaving directory '/home/islamali/work_area/proj/proj_repo/ORBSLAM_RTABmap/work_area/pcl_tools/build/CMakeFiles/CMakeTmp'
Makefile:126: recipe for target 'cmTC_fe2b8/fast' failed
make: *** [cmTC_fe2b8/fast] Error 2


